### echo snippy 4.6.0
### cd /Users/chadchoudhry/D4

### /Users/chadchoudhry/ENTER/envs/snippy/bin/snippy --cpus 10 --outdir /Users/chadchoudhry/ex6/snippy_output/mysnps-D0110039_S01_L001 --ref /Users/chadchoudhry/D4/snippy_ref/GCF_000009085.1_ASM908v1_genomic.fna --R1 /Users/chadchoudhry/D4/cleaned_reads/D0110039_S01_L001_R1_paired.fastq.gz --R2 /Users/chadchoudhry/D4/cleaned_reads/D0110039_S01_L001_R2_paired.fastq.gz

### samtools faidx reference/ref.fa


### bwa index reference/ref.fa

[bwa_index] Pack FASTA... 0.01 sec
[bwa_index] Construct BWT for the packed sequence...
[bwa_index] 0.19 seconds elapse.
[bwa_index] Update BWT... 0.00 sec
[bwa_index] Pack forward-only FASTA... 0.01 sec
[bwa_index] Construct SA from BWT and Occ... 0.08 sec
[main] Version: 0.7.18-r1243-dirty
[main] CMD: bwa index reference/ref.fa
[main] Real time: 0.294 sec; CPU: 0.298 sec

### mkdir -p reference/genomes && cp -f reference/ref.fa reference/genomes/ref.fa


### ln -sf reference/ref.fa .


### ln -sf reference/ref.fa.fai .


### mkdir -p reference/ref && gzip -c reference/ref.gff > reference/ref/genes.gff.gz


### bwa mem  -Y -M -R '@RG\tID:mysnps-D0110039_S01_L001\tSM:mysnps-D0110039_S01_L001' -t 10 reference/ref.fa /Users/chadchoudhry/D4/cleaned_reads/D0110039_S01_L001_R1_paired.fastq.gz /Users/chadchoudhry/D4/cleaned_reads/D0110039_S01_L001_R2_paired.fastq.gz | samclip --max 10 --ref reference/ref.fa.fai | samtools sort -n -l 0 -T /private/var/folders/bv/3fqt3tbj28z87k1fqc1jkg_80000gn/T --threads 4 -m 1600M | samtools fixmate -m --threads 4 - - | samtools sort -l 0 -T /private/var/folders/bv/3fqt3tbj28z87k1fqc1jkg_80000gn/T --threads 4 -m 1600M | samtools markdup -T /private/var/folders/bv/3fqt3tbj28z87k1fqc1jkg_80000gn/T --threads 4 -r -s - - > snps.bam

COMMAND: samtools markdup -T /private/var/folders/bv/3fqt3tbj28z87k1fqc1jkg_80000gn/T --threads 4 -r -s - -
READ: 2582220
WRITTEN: 2549243
EXCLUDED: 237005
EXAMINED: 2345215
PAIRED: 2317522
SINGLE: 27693
DUPLICATE PAIR: 19678
DUPLICATE SINGLE: 13299
DUPLICATE PAIR OPTICAL: 0
DUPLICATE SINGLE OPTICAL: 0
DUPLICATE NON PRIMARY: 0
DUPLICATE NON PRIMARY OPTICAL: 0
DUPLICATE PRIMARY TOTAL: 32977
DUPLICATE TOTAL: 32977
ESTIMATED_LIBRARY_SIZE: 67848132


### samtools index snps.bam


### fasta_generate_regions.py reference/ref.fa.fai 87839 > reference/ref.txt


### freebayes-parallel reference/ref.txt 10 -p 2 -P 0 -C 2 -F 0.05 --min-coverage 10 --min-repeat-entropy 1.0 -q 13 -m 60 --strict-vcf   -f reference/ref.fa snps.bam > snps.raw.vcf


### bcftools view --include 'FMT/GT="1/1" && QUAL>=100 && FMT/DP>=10 && (FMT/AO)/(FMT/DP)>=0' snps.raw.vcf  | vt normalize -r reference/ref.fa - | bcftools annotate --remove '^INFO/TYPE,^INFO/DP,^INFO/RO,^INFO/AO,^INFO/AB,^FORMAT/GT,^FORMAT/DP,^FORMAT/RO,^FORMAT/AO,^FORMAT/QR,^FORMAT/QA,^FORMAT/GL' > snps.filt.vcf


### cp snps.filt.vcf snps.vcf


### /Users/chadchoudhry/ENTER/envs/snippy/bin/snippy-vcf_to_tab --gff reference/ref.gff --ref reference/ref.fa --vcf snps.vcf > snps.tab

Loading reference: reference/ref.fa
Loaded 1 sequences.
Loading features: reference/ref.gff
Parsing variants: snps.vcf
Converted 14974 SNPs to TAB format.

### /Users/chadchoudhry/ENTER/envs/snippy/bin/snippy-vcf_extract_subs snps.filt.vcf > snps.subs.vcf


### bcftools convert -Oz -o snps.vcf.gz snps.vcf


### bcftools index -f snps.vcf.gz


### bcftools consensus --sample mysnps-D0110039_S01_L001 -f reference/ref.fa -o snps.consensus.fa snps.vcf.gz

Note: applying IUPAC codes based on FORMAT/GT in sample mysnps-D0110039_S01_L001
Applied 14974 variants

### bcftools convert -Oz -o snps.subs.vcf.gz snps.subs.vcf


### bcftools index -f snps.subs.vcf.gz


### bcftools consensus --sample mysnps-D0110039_S01_L001 -f reference/ref.fa -o snps.consensus.subs.fa snps.subs.vcf.gz

Note: applying IUPAC codes based on FORMAT/GT in sample mysnps-D0110039_S01_L001
Applied 17161 variants

### rm -f snps.subs.vcf.gz snps.subs.vcf.gz.csi snps.subs.vcf.gz.tbi

