[2025-04-11 22:33:12,200] multiqc                                            [DEBUG  ]  No MultiQC config found: /usr/local/lib/python3.9/site-packages/multiqc_config.yaml
[2025-04-11 22:33:12,200] multiqc                                            [DEBUG  ]  No MultiQC config found: /root/.multiqc_config.yaml
[2025-04-11 22:33:12,202] multiqc                                            [DEBUG  ]  Loading config settings from: multiqc_config.yaml
[2025-04-11 22:33:12,203] multiqc                                            [DEBUG  ]  New config 'report_comment': This report has been generated by the <a href="https://github.com/nf-core/bactmap" target="_blank">nf-core/bactmap</a> analysis pipeline. For information about how to interpret these results, please see the <a href="https://github.com/nf-core/bactmap" target="_blank">documentation</a>.

[2025-04-11 22:33:12,203] multiqc                                            [DEBUG  ]  New config 'report_section_order': {'software_versions': {'order': -1000}, 'nf-core-bactmap-summary': {'order': -1001}}
[2025-04-11 22:33:12,203] multiqc                                            [DEBUG  ]  New config 'export_plots': True
[2025-04-11 22:33:12,203] multiqc                                            [DEBUG  ]  New config 'data_format': yaml
[2025-04-11 22:33:12,203] multiqc                                            [DEBUG  ]  New config 'max_table_rows': 10000
[2025-04-11 22:33:12,203] multiqc                                            [DEBUG  ]  New config 'run_modules': ['custom_content', 'fastp', 'samtools', 'bcftools']
[2025-04-11 22:33:12,203] multiqc                                            [DEBUG  ]  New config 'module_order': [{'fastp': {'name': 'PREPROCESS: fastp (adapter trimming)', 'info': 'This section of the report shows fastp results for reads after adapter and quality trimming.'}}, {'samtools': {'name': 'MAPPING: SAMTools (raw)', 'anchor': 'samtools', 'info': 'This section of the report shows SAMTools counts/statistics after mapping with BWA.', 'path_filters': ['./samtools/*']}}, {'bcftools': {'name': 'VARIANTS: BCFTools (BCFTools)', 'anchor': 'bcftools', 'info': 'This section of the report shows BCFTools stats results for variants called by BCFTools.', 'path_filters': ['./variants/*.txt']}}]
[2025-04-11 22:33:12,203] multiqc                                            [DEBUG  ]  Command used: /usr/local/bin/multiqc -f .
[2025-04-11 22:33:13,847] multiqc                                            [WARNING]  MultiQC Version v1.28 now available!
[2025-04-11 22:33:13,847] multiqc                                            [INFO   ]  This is MultiQC v1.10.1
[2025-04-11 22:33:13,847] multiqc                                            [DEBUG  ]  Command     : /usr/local/bin/multiqc -f .
[2025-04-11 22:33:13,847] multiqc                                            [DEBUG  ]  Working dir : /home/chadchoudhry/2025_Team_D/work/b4/403bc8fbe3306a166ba33ca6b20f72
[2025-04-11 22:33:13,847] multiqc                                            [INFO   ]  Template    : default
[2025-04-11 22:33:13,847] multiqc                                            [DEBUG  ]  Running Python 3.9.2 | packaged by conda-forge | (default, Feb 21 2021, 05:02:46)  [GCC 9.3.0]
[2025-04-11 22:33:13,847] multiqc                                            [INFO   ]  Searching   : /home/chadchoudhry/2025_Team_D/work/b4/403bc8fbe3306a166ba33ca6b20f72
[2025-04-11 22:33:13,848] multiqc                                            [INFO   ]  Only using modules custom_content, fastp, samtools, bcftools
[2025-04-11 22:33:13,848] multiqc                                            [DEBUG  ]  Analysing modules: custom_content, fastp, samtools, bcftools
[2025-04-11 22:33:13,848] multiqc                                            [DEBUG  ]  Using temporary directory for creating report: /tmp/tmpsvn5hqe5
[2025-04-11 22:33:13,889] multiqc                                            [DEBUG  ]  Ignored 244 search patterns as didn't match running modules.
[2025-04-11 22:33:14,206] multiqc.plots.bargraph                             [DEBUG  ]  Using matplotlib version 3.4.1
[2025-04-11 22:33:14,206] multiqc.plots.linegraph                            [DEBUG  ]  Using matplotlib version 3.4.1
[2025-04-11 22:33:14,209] multiqc.modules.custom_content.custom_content      [INFO   ]  nf-core-bactmap-summary: Found 1 sample (html)
[2025-04-11 22:33:14,209] multiqc.modules.custom_content.custom_content      [INFO   ]  software_versions: Found 1 sample (html)
[2025-04-11 22:33:14,290] multiqc.modules.fastp.fastp                        [INFO   ]  Found 34 reports
[2025-04-11 22:33:35,908] multiqc.modules.base_module                        [DEBUG  ]  samtools/stats - Selecting 'D0465287_S01_L001.sorted.bam.stats' as it matched the path_filters for 'MAPPING: SAMTools (raw)'
[2025-04-11 22:33:35,908] multiqc.modules.base_module                        [DEBUG  ]  samtools/stats - Selecting 'D1816817_S01_L001.sorted.bam.stats' as it matched the path_filters for 'MAPPING: SAMTools (raw)'
[2025-04-11 22:33:35,909] multiqc.modules.base_module                        [DEBUG  ]  samtools/stats - Selecting 'D1130645_S01_L001.sorted.bam.stats' as it matched the path_filters for 'MAPPING: SAMTools (raw)'
[2025-04-11 22:33:35,909] multiqc.modules.base_module                        [DEBUG  ]  samtools/stats - Selecting 'D0717763_S01_L001.sorted.bam.stats' as it matched the path_filters for 'MAPPING: SAMTools (raw)'
[2025-04-11 22:33:35,910] multiqc.modules.base_module                        [DEBUG  ]  samtools/stats - Selecting 'D1507169_S01_L001.sorted.bam.stats' as it matched the path_filters for 'MAPPING: SAMTools (raw)'
[2025-04-11 22:33:35,910] multiqc.modules.base_module                        [DEBUG  ]  samtools/stats - Selecting 'D0305916_S01_L001.sorted.bam.stats' as it matched the path_filters for 'MAPPING: SAMTools (raw)'
[2025-04-11 22:33:35,911] multiqc.modules.base_module                        [DEBUG  ]  samtools/stats - Selecting 'D0281446_S01_L001.sorted.bam.stats' as it matched the path_filters for 'MAPPING: SAMTools (raw)'
[2025-04-11 22:33:35,911] multiqc.modules.base_module                        [DEBUG  ]  samtools/stats - Selecting 'D2453159_S01_L001.sorted.bam.stats' as it matched the path_filters for 'MAPPING: SAMTools (raw)'
[2025-04-11 22:33:35,911] multiqc.modules.base_module                        [DEBUG  ]  samtools/stats - Selecting 'D0599005_S01_L001.sorted.bam.stats' as it matched the path_filters for 'MAPPING: SAMTools (raw)'
[2025-04-11 22:33:35,912] multiqc.modules.base_module                        [DEBUG  ]  samtools/stats - Selecting 'D0287766_S01_L001.sorted.bam.stats' as it matched the path_filters for 'MAPPING: SAMTools (raw)'
[2025-04-11 22:33:35,912] multiqc.modules.base_module                        [DEBUG  ]  samtools/stats - Selecting 'D0537729_S01_L001.sorted.bam.stats' as it matched the path_filters for 'MAPPING: SAMTools (raw)'
[2025-04-11 22:33:35,913] multiqc.modules.base_module                        [DEBUG  ]  samtools/stats - Selecting 'D1251843_S01_L001.sorted.bam.stats' as it matched the path_filters for 'MAPPING: SAMTools (raw)'
[2025-04-11 22:33:35,913] multiqc.modules.base_module                        [DEBUG  ]  samtools/stats - Selecting 'D1742262_S01_L001.sorted.bam.stats' as it matched the path_filters for 'MAPPING: SAMTools (raw)'
[2025-04-11 22:33:35,913] multiqc.modules.base_module                        [DEBUG  ]  samtools/stats - Selecting 'D0262590_S01_L001.sorted.bam.stats' as it matched the path_filters for 'MAPPING: SAMTools (raw)'
[2025-04-11 22:33:35,914] multiqc.modules.base_module                        [DEBUG  ]  samtools/stats - Selecting 'D1130644_S01_L001.sorted.bam.stats' as it matched the path_filters for 'MAPPING: SAMTools (raw)'
[2025-04-11 22:33:35,914] multiqc.modules.base_module                        [DEBUG  ]  samtools/stats - Selecting 'D0340971_S01_L001.sorted.bam.stats' as it matched the path_filters for 'MAPPING: SAMTools (raw)'
[2025-04-11 22:33:35,915] multiqc.modules.base_module                        [DEBUG  ]  samtools/stats - Selecting 'D0784258_S01_L001.sorted.bam.stats' as it matched the path_filters for 'MAPPING: SAMTools (raw)'
[2025-04-11 22:33:35,915] multiqc.modules.base_module                        [DEBUG  ]  samtools/stats - Selecting 'D0892467_S01_L001.sorted.bam.stats' as it matched the path_filters for 'MAPPING: SAMTools (raw)'
[2025-04-11 22:33:35,916] multiqc.modules.base_module                        [DEBUG  ]  samtools/stats - Selecting 'D0320058_S01_L001.sorted.bam.stats' as it matched the path_filters for 'MAPPING: SAMTools (raw)'
[2025-04-11 22:33:35,916] multiqc.modules.base_module                        [DEBUG  ]  samtools/stats - Selecting 'D0717665_S01_L001.sorted.bam.stats' as it matched the path_filters for 'MAPPING: SAMTools (raw)'
[2025-04-11 22:33:35,917] multiqc.modules.base_module                        [DEBUG  ]  samtools/stats - Selecting 'D2306186_S01_L001.sorted.bam.stats' as it matched the path_filters for 'MAPPING: SAMTools (raw)'
[2025-04-11 22:33:35,917] multiqc.modules.base_module                        [DEBUG  ]  samtools/stats - Selecting 'D0133463_S01_L001.sorted.bam.stats' as it matched the path_filters for 'MAPPING: SAMTools (raw)'
[2025-04-11 22:33:35,917] multiqc.modules.base_module                        [DEBUG  ]  samtools/stats - Selecting 'D0372208_S01_L001.sorted.bam.stats' as it matched the path_filters for 'MAPPING: SAMTools (raw)'
[2025-04-11 22:33:35,918] multiqc.modules.base_module                        [DEBUG  ]  samtools/stats - Selecting 'D1490961_S01_L001.sorted.bam.stats' as it matched the path_filters for 'MAPPING: SAMTools (raw)'
[2025-04-11 22:33:35,918] multiqc.modules.base_module                        [DEBUG  ]  samtools/stats - Selecting 'D0110039_S01_L001.sorted.bam.stats' as it matched the path_filters for 'MAPPING: SAMTools (raw)'
[2025-04-11 22:33:35,919] multiqc.modules.base_module                        [DEBUG  ]  samtools/stats - Selecting 'D1212247_S01_L001.sorted.bam.stats' as it matched the path_filters for 'MAPPING: SAMTools (raw)'
[2025-04-11 22:33:35,919] multiqc.modules.base_module                        [DEBUG  ]  samtools/stats - Selecting 'D1786215_S01_L001.sorted.bam.stats' as it matched the path_filters for 'MAPPING: SAMTools (raw)'
[2025-04-11 22:33:35,920] multiqc.modules.base_module                        [DEBUG  ]  samtools/stats - Selecting 'D0331520_S01_L001.sorted.bam.stats' as it matched the path_filters for 'MAPPING: SAMTools (raw)'
[2025-04-11 22:33:35,920] multiqc.modules.base_module                        [DEBUG  ]  samtools/stats - Selecting 'D1025689_S01_L001.sorted.bam.stats' as it matched the path_filters for 'MAPPING: SAMTools (raw)'
[2025-04-11 22:33:35,921] multiqc.modules.base_module                        [DEBUG  ]  samtools/stats - Selecting 'D1874688_S01_L001.sorted.bam.stats' as it matched the path_filters for 'MAPPING: SAMTools (raw)'
[2025-04-11 22:33:35,921] multiqc.modules.base_module                        [DEBUG  ]  samtools/stats - Selecting 'D1088210_S01_L001.sorted.bam.stats' as it matched the path_filters for 'MAPPING: SAMTools (raw)'
[2025-04-11 22:33:35,921] multiqc.modules.base_module                        [DEBUG  ]  samtools/stats - Selecting 'D2306204_S01_L001.sorted.bam.stats' as it matched the path_filters for 'MAPPING: SAMTools (raw)'
[2025-04-11 22:33:35,922] multiqc.modules.base_module                        [DEBUG  ]  samtools/stats - Selecting 'D0570846_S01_L001.sorted.bam.stats' as it matched the path_filters for 'MAPPING: SAMTools (raw)'
[2025-04-11 22:33:35,922] multiqc.modules.base_module                        [DEBUG  ]  samtools/stats - Selecting 'D0595886_S01_L001.sorted.bam.stats' as it matched the path_filters for 'MAPPING: SAMTools (raw)'
[2025-04-11 22:33:37,135] multiqc.modules.samtools.samtools                  [INFO   ]  Found 34 stats reports
[2025-04-11 22:33:37,138] multiqc.modules.base_module                        [DEBUG  ]  bcftools/stats - Selecting 'D1025689_S01_L001.bcftools_stats.txt' as it matched the path_filters for 'VARIANTS: BCFTools (BCFTools)'
[2025-04-11 22:33:37,139] multiqc.modules.base_module                        [DEBUG  ]  bcftools/stats - Selecting 'D0281446_S01_L001.bcftools_stats.txt' as it matched the path_filters for 'VARIANTS: BCFTools (BCFTools)'
[2025-04-11 22:33:37,139] multiqc.modules.base_module                        [DEBUG  ]  bcftools/stats - Selecting 'D0133463_S01_L001.bcftools_stats.txt' as it matched the path_filters for 'VARIANTS: BCFTools (BCFTools)'
[2025-04-11 22:33:37,140] multiqc.modules.base_module                        [DEBUG  ]  bcftools/stats - Selecting 'D1786215_S01_L001.bcftools_stats.txt' as it matched the path_filters for 'VARIANTS: BCFTools (BCFTools)'
[2025-04-11 22:33:37,141] multiqc.modules.base_module                        [DEBUG  ]  bcftools/stats - Selecting 'D0305916_S01_L001.bcftools_stats.txt' as it matched the path_filters for 'VARIANTS: BCFTools (BCFTools)'
[2025-04-11 22:33:37,142] multiqc.modules.base_module                        [DEBUG  ]  bcftools/stats - Selecting 'D0372208_S01_L001.bcftools_stats.txt' as it matched the path_filters for 'VARIANTS: BCFTools (BCFTools)'
[2025-04-11 22:33:37,143] multiqc.modules.base_module                        [DEBUG  ]  bcftools/stats - Selecting 'D2306186_S01_L001.bcftools_stats.txt' as it matched the path_filters for 'VARIANTS: BCFTools (BCFTools)'
[2025-04-11 22:33:37,143] multiqc.modules.base_module                        [DEBUG  ]  bcftools/stats - Selecting 'D0784258_S01_L001.bcftools_stats.txt' as it matched the path_filters for 'VARIANTS: BCFTools (BCFTools)'
[2025-04-11 22:33:37,144] multiqc.modules.base_module                        [DEBUG  ]  bcftools/stats - Selecting 'D0340971_S01_L001.bcftools_stats.txt' as it matched the path_filters for 'VARIANTS: BCFTools (BCFTools)'
[2025-04-11 22:33:37,145] multiqc.modules.base_module                        [DEBUG  ]  bcftools/stats - Selecting 'D1507169_S01_L001.bcftools_stats.txt' as it matched the path_filters for 'VARIANTS: BCFTools (BCFTools)'
[2025-04-11 22:33:37,145] multiqc.modules.base_module                        [DEBUG  ]  bcftools/stats - Selecting 'D1212247_S01_L001.bcftools_stats.txt' as it matched the path_filters for 'VARIANTS: BCFTools (BCFTools)'
[2025-04-11 22:33:37,146] multiqc.modules.base_module                        [DEBUG  ]  bcftools/stats - Selecting 'D0595886_S01_L001.bcftools_stats.txt' as it matched the path_filters for 'VARIANTS: BCFTools (BCFTools)'
[2025-04-11 22:33:37,147] multiqc.modules.base_module                        [DEBUG  ]  bcftools/stats - Selecting 'D0262590_S01_L001.bcftools_stats.txt' as it matched the path_filters for 'VARIANTS: BCFTools (BCFTools)'
[2025-04-11 22:33:37,148] multiqc.modules.base_module                        [DEBUG  ]  bcftools/stats - Selecting 'D1742262_S01_L001.bcftools_stats.txt' as it matched the path_filters for 'VARIANTS: BCFTools (BCFTools)'
[2025-04-11 22:33:37,149] multiqc.modules.base_module                        [DEBUG  ]  bcftools/stats - Selecting 'D1490961_S01_L001.bcftools_stats.txt' as it matched the path_filters for 'VARIANTS: BCFTools (BCFTools)'
[2025-04-11 22:33:37,149] multiqc.modules.base_module                        [DEBUG  ]  bcftools/stats - Selecting 'D0287766_S01_L001.bcftools_stats.txt' as it matched the path_filters for 'VARIANTS: BCFTools (BCFTools)'
[2025-04-11 22:33:37,150] multiqc.modules.base_module                        [DEBUG  ]  bcftools/stats - Selecting 'D1874688_S01_L001.bcftools_stats.txt' as it matched the path_filters for 'VARIANTS: BCFTools (BCFTools)'
[2025-04-11 22:33:37,151] multiqc.modules.base_module                        [DEBUG  ]  bcftools/stats - Selecting 'D0717763_S01_L001.bcftools_stats.txt' as it matched the path_filters for 'VARIANTS: BCFTools (BCFTools)'
[2025-04-11 22:33:37,152] multiqc.modules.base_module                        [DEBUG  ]  bcftools/stats - Selecting 'D0537729_S01_L001.bcftools_stats.txt' as it matched the path_filters for 'VARIANTS: BCFTools (BCFTools)'
[2025-04-11 22:33:37,152] multiqc.modules.base_module                        [DEBUG  ]  bcftools/stats - Selecting 'D1816817_S01_L001.bcftools_stats.txt' as it matched the path_filters for 'VARIANTS: BCFTools (BCFTools)'
[2025-04-11 22:33:37,153] multiqc.modules.base_module                        [DEBUG  ]  bcftools/stats - Selecting 'D2306204_S01_L001.bcftools_stats.txt' as it matched the path_filters for 'VARIANTS: BCFTools (BCFTools)'
[2025-04-11 22:33:37,154] multiqc.modules.base_module                        [DEBUG  ]  bcftools/stats - Selecting 'D1130644_S01_L001.bcftools_stats.txt' as it matched the path_filters for 'VARIANTS: BCFTools (BCFTools)'
[2025-04-11 22:33:37,154] multiqc.modules.base_module                        [DEBUG  ]  bcftools/stats - Selecting 'D0892467_S01_L001.bcftools_stats.txt' as it matched the path_filters for 'VARIANTS: BCFTools (BCFTools)'
[2025-04-11 22:33:37,155] multiqc.modules.base_module                        [DEBUG  ]  bcftools/stats - Selecting 'D0570846_S01_L001.bcftools_stats.txt' as it matched the path_filters for 'VARIANTS: BCFTools (BCFTools)'
[2025-04-11 22:33:37,156] multiqc.modules.base_module                        [DEBUG  ]  bcftools/stats - Selecting 'D1088210_S01_L001.bcftools_stats.txt' as it matched the path_filters for 'VARIANTS: BCFTools (BCFTools)'
[2025-04-11 22:33:37,157] multiqc.modules.base_module                        [DEBUG  ]  bcftools/stats - Selecting 'D0599005_S01_L001.bcftools_stats.txt' as it matched the path_filters for 'VARIANTS: BCFTools (BCFTools)'
[2025-04-11 22:33:37,158] multiqc.modules.base_module                        [DEBUG  ]  bcftools/stats - Selecting 'D2453159_S01_L001.bcftools_stats.txt' as it matched the path_filters for 'VARIANTS: BCFTools (BCFTools)'
[2025-04-11 22:33:37,158] multiqc.modules.base_module                        [DEBUG  ]  bcftools/stats - Selecting 'D0717665_S01_L001.bcftools_stats.txt' as it matched the path_filters for 'VARIANTS: BCFTools (BCFTools)'
[2025-04-11 22:33:37,159] multiqc.modules.base_module                        [DEBUG  ]  bcftools/stats - Selecting 'D0465287_S01_L001.bcftools_stats.txt' as it matched the path_filters for 'VARIANTS: BCFTools (BCFTools)'
[2025-04-11 22:33:37,160] multiqc.modules.base_module                        [DEBUG  ]  bcftools/stats - Selecting 'D0110039_S01_L001.bcftools_stats.txt' as it matched the path_filters for 'VARIANTS: BCFTools (BCFTools)'
[2025-04-11 22:33:37,160] multiqc.modules.base_module                        [DEBUG  ]  bcftools/stats - Selecting 'D1130645_S01_L001.bcftools_stats.txt' as it matched the path_filters for 'VARIANTS: BCFTools (BCFTools)'
[2025-04-11 22:33:37,161] multiqc.modules.base_module                        [DEBUG  ]  bcftools/stats - Selecting 'D1251843_S01_L001.bcftools_stats.txt' as it matched the path_filters for 'VARIANTS: BCFTools (BCFTools)'
[2025-04-11 22:33:37,162] multiqc.modules.base_module                        [DEBUG  ]  bcftools/stats - Selecting 'D0320058_S01_L001.bcftools_stats.txt' as it matched the path_filters for 'VARIANTS: BCFTools (BCFTools)'
[2025-04-11 22:33:37,163] multiqc.modules.base_module                        [DEBUG  ]  bcftools/stats - Selecting 'D0331520_S01_L001.bcftools_stats.txt' as it matched the path_filters for 'VARIANTS: BCFTools (BCFTools)'
[2025-04-11 22:33:46,452] multiqc.modules.bcftools.bcftools                  [INFO   ]  Found 34 stats reports
[2025-04-11 22:33:46,452] multiqc                                            [DEBUG  ]  Reordering sections: anchor 'software_versions' not found for module 'PREPROCESS: fastp (adapter trimming)'.
[2025-04-11 22:33:46,452] multiqc                                            [DEBUG  ]  Reordering sections: anchor 'nf-core-bactmap-summary' not found for module 'PREPROCESS: fastp (adapter trimming)'.
[2025-04-11 22:33:46,452] multiqc                                            [DEBUG  ]  Reordering sections: anchor 'software_versions' not found for module 'MAPPING: SAMTools (raw)'.
[2025-04-11 22:33:46,452] multiqc                                            [DEBUG  ]  Reordering sections: anchor 'nf-core-bactmap-summary' not found for module 'MAPPING: SAMTools (raw)'.
[2025-04-11 22:33:46,452] multiqc                                            [DEBUG  ]  Reordering sections: anchor 'software_versions' not found for module 'VARIANTS: BCFTools (BCFTools)'.
[2025-04-11 22:33:46,452] multiqc                                            [DEBUG  ]  Reordering sections: anchor 'nf-core-bactmap-summary' not found for module 'VARIANTS: BCFTools (BCFTools)'.
[2025-04-11 22:33:46,452] multiqc                                            [DEBUG  ]  Reordering sections: anchor 'software_versions' not found for module 'nf-core/bactmap Software Versions'.
[2025-04-11 22:33:46,452] multiqc                                            [DEBUG  ]  Reordering sections: anchor 'nf-core-bactmap-summary' not found for module 'nf-core/bactmap Software Versions'.
[2025-04-11 22:33:46,452] multiqc                                            [DEBUG  ]  Reordering sections: anchor 'software_versions' not found for module 'nf-core/bactmap Workflow Summary'.
[2025-04-11 22:33:46,452] multiqc                                            [DEBUG  ]  Reordering sections: anchor 'nf-core-bactmap-summary' not found for module 'nf-core/bactmap Workflow Summary'.
[2025-04-11 22:33:46,597] multiqc                                            [INFO   ]  Compressing plot data
[2025-04-11 22:33:48,948] multiqc                                            [INFO   ]  Report      : multiqc_report.html
[2025-04-11 22:33:48,948] multiqc                                            [INFO   ]  Data        : multiqc_data
[2025-04-11 22:33:48,948] multiqc                                            [DEBUG  ]  Moving data file from '/tmp/tmpsvn5hqe5/multiqc_data' to '/home/chadchoudhry/2025_Team_D/work/b4/403bc8fbe3306a166ba33ca6b20f72/multiqc_data'
[2025-04-11 22:33:48,974] multiqc                                            [INFO   ]  Plots       : multiqc_plots
[2025-04-11 22:33:48,974] multiqc                                            [DEBUG  ]  Moving plots directory from '/tmp/tmpsvn5hqe5/multiqc_plots' to '/home/chadchoudhry/2025_Team_D/work/b4/403bc8fbe3306a166ba33ca6b20f72/multiqc_plots'
[2025-04-11 22:33:49,033] multiqc                                            [INFO   ]  MultiQC complete
