Detecting adapter sequence for read1...
No adapter detected for read1

Detecting adapter sequence for read2...
No adapter detected for read2

Read1 before filtering:
total reads: 367253
total bases: 46213538
Q20 bases: 43869224(94.9272%)
Q30 bases: 43323240(93.7458%)

Read2 before filtering:
total reads: 367253
total bases: 46187431
Q20 bases: 43702986(94.621%)
Q30 bases: 43134441(93.39%)

Read1 after filtering:
total reads: 259894
total bases: 33589923
Q20 bases: 33265369(99.0338%)
Q30 bases: 33093830(98.5231%)

Read2 aftering filtering:
total reads: 259894
total bases: 33511790
Q20 bases: 33167913(98.9739%)
Q30 bases: 33000141(98.4732%)

Filtering result:
reads passed filter: 519788
reads failed due to low quality: 186408
reads failed due to too many N: 0
reads failed due to too short: 28310
reads with adapter trimmed: 54834
bases trimmed due to adapters: 193827
reads with polyX in 3' end: 1392
bases trimmed in polyX tail: 13769

Duplication rate: 0.543329%

Insert size peak (evaluated by paired-end reads): 78

JSON report: D0133463_S01_L001.fastp.json
HTML report: D0133463_S01_L001.fastp.html

fastp --in1 D0133463_S01_L001_1.fastq.gz --in2 D0133463_S01_L001_2.fastq.gz --out1 D0133463_S01_L001_1.trim.fastq.gz --out2 D0133463_S01_L001_2.trim.fastq.gz --json D0133463_S01_L001.fastp.json --html D0133463_S01_L001.fastp.html --thread 2 --detect_adapter_for_pe --cut_front --cut_tail --trim_poly_x --cut_mean_quality 30 --qualified_quality_phred 30 --unqualified_percent_limit 10 --length_required 50 --adapter_fasta adapter.fasta 
fastp v0.20.1, time used: 43 seconds
