Detecting adapter sequence for read1...
No adapter detected for read1

Detecting adapter sequence for read2...
No adapter detected for read2

Read1 before filtering:
total reads: 97100
total bases: 17813954
Q20 bases: 17553901(98.5402%)
Q30 bases: 17466885(98.0517%)

Read2 before filtering:
total reads: 97100
total bases: 17846001
Q20 bases: 16820954(94.2562%)
Q30 bases: 16499236(92.4534%)

Read1 after filtering:
total reads: 76866
total bases: 14076040
Q20 bases: 14052012(99.8293%)
Q30 bases: 14038034(99.73%)

Read2 aftering filtering:
total reads: 76866
total bases: 13998007
Q20 bases: 13765481(98.3389%)
Q30 bases: 13673980(97.6852%)

Filtering result:
reads passed filter: 153732
reads failed due to low quality: 32492
reads failed due to too many N: 0
reads failed due to too short: 7976
reads with adapter trimmed: 6659
bases trimmed due to adapters: 38878
reads with polyX in 3' end: 437
bases trimmed in polyX tail: 5398

Duplication rate: 0.206688%

Insert size peak (evaluated by paired-end reads): 80

JSON report: D0340971_S01_L001.fastp.json
HTML report: D0340971_S01_L001.fastp.html

fastp --in1 D0340971_S01_L001_1.fastq.gz --in2 D0340971_S01_L001_2.fastq.gz --out1 D0340971_S01_L001_1.trim.fastq.gz --out2 D0340971_S01_L001_2.trim.fastq.gz --json D0340971_S01_L001.fastp.json --html D0340971_S01_L001.fastp.html --thread 2 --detect_adapter_for_pe --cut_front --cut_tail --trim_poly_x --cut_mean_quality 30 --qualified_quality_phred 30 --unqualified_percent_limit 10 --length_required 50 --adapter_fasta adapter.fasta 
fastp v0.20.1, time used: 18 seconds
