Detecting adapter sequence for read1...
No adapter detected for read1

Detecting adapter sequence for read2...
No adapter detected for read2

Read1 before filtering:
total reads: 427234
total bases: 61249953
Q20 bases: 60228270(98.3319%)
Q30 bases: 59985751(97.936%)

Read2 before filtering:
total reads: 427234
total bases: 61248445
Q20 bases: 59983155(97.9342%)
Q30 bases: 59701865(97.4749%)

Read1 after filtering:
total reads: 383335
total bases: 55105067
Q20 bases: 54914771(99.6547%)
Q30 bases: 54827031(99.4954%)

Read2 aftering filtering:
total reads: 383335
total bases: 55038539
Q20 bases: 54836090(99.6322%)
Q30 bases: 54739840(99.4573%)

Filtering result:
reads passed filter: 766670
reads failed due to low quality: 81082
reads failed due to too many N: 0
reads failed due to too short: 6716
reads with adapter trimmed: 20718
bases trimmed due to adapters: 117690
reads with polyX in 3' end: 1882
bases trimmed in polyX tail: 20166

Duplication rate: 0.575111%

Insert size peak (evaluated by paired-end reads): 205

JSON report: D0465287_S01_L001.fastp.json
HTML report: D0465287_S01_L001.fastp.html

fastp --in1 D0465287_S01_L001_1.fastq.gz --in2 D0465287_S01_L001_2.fastq.gz --out1 D0465287_S01_L001_1.trim.fastq.gz --out2 D0465287_S01_L001_2.trim.fastq.gz --json D0465287_S01_L001.fastp.json --html D0465287_S01_L001.fastp.html --thread 2 --detect_adapter_for_pe --cut_front --cut_tail --trim_poly_x --cut_mean_quality 30 --qualified_quality_phred 30 --unqualified_percent_limit 10 --length_required 50 --adapter_fasta adapter.fasta 
fastp v0.20.1, time used: 57 seconds
