Detecting adapter sequence for read1...
No adapter detected for read1

Detecting adapter sequence for read2...
No adapter detected for read2

Read1 before filtering:
total reads: 294062
total bases: 55276128
Q20 bases: 54781159(99.1046%)
Q30 bases: 53865028(97.4472%)

Read2 before filtering:
total reads: 294062
total bases: 55481380
Q20 bases: 53564859(96.5457%)
Q30 bases: 51109582(92.1202%)

Read1 after filtering:
total reads: 245950
total bases: 44051358
Q20 bases: 44008648(99.903%)
Q30 bases: 43793676(99.415%)

Read2 aftering filtering:
total reads: 245950
total bases: 43538456
Q20 bases: 43316540(99.4903%)
Q30 bases: 42567192(97.7692%)

Filtering result:
reads passed filter: 491900
reads failed due to low quality: 84614
reads failed due to too many N: 6
reads failed due to too short: 11604
reads with adapter trimmed: 15013
bases trimmed due to adapters: 175646
reads with polyX in 3' end: 708
bases trimmed in polyX tail: 9585

Duplication rate: 0.764055%

Insert size peak (evaluated by paired-end reads): 132

JSON report: D0717763_S01_L001.fastp.json
HTML report: D0717763_S01_L001.fastp.html

fastp --in1 D0717763_S01_L001_1.fastq.gz --in2 D0717763_S01_L001_2.fastq.gz --out1 D0717763_S01_L001_1.trim.fastq.gz --out2 D0717763_S01_L001_2.trim.fastq.gz --json D0717763_S01_L001.fastp.json --html D0717763_S01_L001.fastp.html --thread 2 --detect_adapter_for_pe --cut_front --cut_tail --trim_poly_x --cut_mean_quality 30 --qualified_quality_phred 30 --unqualified_percent_limit 10 --length_required 50 --adapter_fasta adapter.fasta 
fastp v0.20.1, time used: 52 seconds
