Detecting adapter sequence for read1...
No adapter detected for read1

Detecting adapter sequence for read2...
No adapter detected for read2

Read1 before filtering:
total reads: 404682
total bases: 85488183
Q20 bases: 82499746(96.5043%)
Q30 bases: 77860792(91.0778%)

Read2 before filtering:
total reads: 404682
total bases: 87360830
Q20 bases: 75134752(86.0051%)
Q30 bases: 65379024(74.8379%)

Read1 after filtering:
total reads: 190304
total bases: 31604773
Q20 bases: 31538172(99.7893%)
Q30 bases: 31221802(98.7882%)

Read2 aftering filtering:
total reads: 190304
total bases: 30757421
Q20 bases: 30514215(99.2093%)
Q30 bases: 29622971(96.3116%)

Filtering result:
reads passed filter: 380608
reads failed due to low quality: 406902
reads failed due to too many N: 2
reads failed due to too short: 21852
reads with adapter trimmed: 37862
bases trimmed due to adapters: 429218
reads with polyX in 3' end: 1273
bases trimmed in polyX tail: 14371

Duplication rate: 0.540697%

Insert size peak (evaluated by paired-end reads): 193

JSON report: D0717665_S01_L001.fastp.json
HTML report: D0717665_S01_L001.fastp.html

fastp --in1 D0717665_S01_L001_1.fastq.gz --in2 D0717665_S01_L001_2.fastq.gz --out1 D0717665_S01_L001_1.trim.fastq.gz --out2 D0717665_S01_L001_2.trim.fastq.gz --json D0717665_S01_L001.fastp.json --html D0717665_S01_L001.fastp.html --thread 2 --detect_adapter_for_pe --cut_front --cut_tail --trim_poly_x --cut_mean_quality 30 --qualified_quality_phred 30 --unqualified_percent_limit 10 --length_required 50 --adapter_fasta adapter.fasta 
fastp v0.20.1, time used: 75 seconds
