Detecting adapter sequence for read1...
No adapter detected for read1

Detecting adapter sequence for read2...
No adapter detected for read2

Read1 before filtering:
total reads: 435043
total bases: 64705806
Q20 bases: 62305867(96.291%)
Q30 bases: 59013510(91.2028%)

Read2 before filtering:
total reads: 435043
total bases: 64697901
Q20 bases: 61230437(94.6405%)
Q30 bases: 57097581(88.2526%)

Read1 after filtering:
total reads: 226687
total bases: 33398666
Q20 bases: 32912544(98.5445%)
Q30 bases: 31804252(95.2261%)

Read2 aftering filtering:
total reads: 226687
total bases: 33242233
Q20 bases: 32553504(97.9282%)
Q30 bases: 31194025(93.8385%)

Filtering result:
reads passed filter: 453374
reads failed due to low quality: 413930
reads failed due to too many N: 0
reads failed due to too short: 2782
reads with adapter trimmed: 21775
bases trimmed due to adapters: 166167
reads with polyX in 3' end: 3907
bases trimmed in polyX tail: 93508

Duplication rate: 8.21046%

Insert size peak (evaluated by paired-end reads): 253

JSON report: D2306186_S01_L001.fastp.json
HTML report: D2306186_S01_L001.fastp.html

fastp --in1 D2306186_S01_L001_1.fastq.gz --in2 D2306186_S01_L001_2.fastq.gz --out1 D2306186_S01_L001_1.trim.fastq.gz --out2 D2306186_S01_L001_2.trim.fastq.gz --json D2306186_S01_L001.fastp.json --html D2306186_S01_L001.fastp.html --thread 2 --detect_adapter_for_pe --cut_front --cut_tail --trim_poly_x --cut_mean_quality 30 --qualified_quality_phred 30 --unqualified_percent_limit 10 --length_required 50 --adapter_fasta adapter.fasta 
fastp v0.20.1, time used: 52 seconds
