Detecting adapter sequence for read1...
No adapter detected for read1

Detecting adapter sequence for read2...
No adapter detected for read2

Read1 before filtering:
total reads: 266475
total bases: 39523852
Q20 bases: 37738614(95.4831%)
Q30 bases: 37358369(94.5211%)

Read2 before filtering:
total reads: 266475
total bases: 39524576
Q20 bases: 36975818(93.5515%)
Q30 bases: 36504491(92.359%)

Read1 after filtering:
total reads: 195231
total bases: 28894060
Q20 bases: 28657512(99.1813%)
Q30 bases: 28559202(98.8411%)

Read2 aftering filtering:
total reads: 195231
total bases: 28780814
Q20 bases: 28486361(98.9769%)
Q30 bases: 28361777(98.544%)

Filtering result:
reads passed filter: 390462
reads failed due to low quality: 140432
reads failed due to too many N: 0
reads failed due to too short: 2056
reads with adapter trimmed: 14300
bases trimmed due to adapters: 116428
reads with polyX in 3' end: 2073
bases trimmed in polyX tail: 20413

Duplication rate: 0.600799%

Insert size peak (evaluated by paired-end reads): 259

JSON report: D2453159_S01_L001.fastp.json
HTML report: D2453159_S01_L001.fastp.html

fastp --in1 D2453159_S01_L001_1.fastq.gz --in2 D2453159_S01_L001_2.fastq.gz --out1 D2453159_S01_L001_1.trim.fastq.gz --out2 D2453159_S01_L001_2.trim.fastq.gz --json D2453159_S01_L001.fastp.json --html D2453159_S01_L001.fastp.html --thread 2 --detect_adapter_for_pe --cut_front --cut_tail --trim_poly_x --cut_mean_quality 30 --qualified_quality_phred 30 --unqualified_percent_limit 10 --length_required 50 --adapter_fasta adapter.fasta 
fastp v0.20.1, time used: 37 seconds
