[2025-04-17 21:11:35,515] multiqc                                            [DEBUG  ]  No MultiQC config found: /usr/local/lib/python3.9/site-packages/multiqc_config.yaml
[2025-04-17 21:11:35,515] multiqc                                            [DEBUG  ]  No MultiQC config found: /root/.multiqc_config.yaml
[2025-04-17 21:11:35,518] multiqc                                            [DEBUG  ]  Loading config settings from: multiqc_config.yaml
[2025-04-17 21:11:35,518] multiqc                                            [DEBUG  ]  New config 'report_comment': This report has been generated by the <a href="https://github.com/nf-core/bactmap" target="_blank">nf-core/bactmap</a> analysis pipeline. For information about how to interpret these results, please see the <a href="https://github.com/nf-core/bactmap" target="_blank">documentation</a>.

[2025-04-17 21:11:35,518] multiqc                                            [DEBUG  ]  New config 'report_section_order': {'software_versions': {'order': -1000}, 'nf-core-bactmap-summary': {'order': -1001}}
[2025-04-17 21:11:35,518] multiqc                                            [DEBUG  ]  New config 'export_plots': True
[2025-04-17 21:11:35,518] multiqc                                            [DEBUG  ]  New config 'data_format': yaml
[2025-04-17 21:11:35,518] multiqc                                            [DEBUG  ]  New config 'max_table_rows': 10000
[2025-04-17 21:11:35,518] multiqc                                            [DEBUG  ]  New config 'run_modules': ['custom_content', 'fastp', 'samtools', 'bcftools']
[2025-04-17 21:11:35,518] multiqc                                            [DEBUG  ]  New config 'module_order': [{'fastp': {'name': 'PREPROCESS: fastp (adapter trimming)', 'info': 'This section of the report shows fastp results for reads after adapter and quality trimming.'}}, {'samtools': {'name': 'MAPPING: SAMTools (raw)', 'anchor': 'samtools', 'info': 'This section of the report shows SAMTools counts/statistics after mapping with BWA.', 'path_filters': ['./samtools/*']}}, {'bcftools': {'name': 'VARIANTS: BCFTools (BCFTools)', 'anchor': 'bcftools', 'info': 'This section of the report shows BCFTools stats results for variants called by BCFTools.', 'path_filters': ['./variants/*.txt']}}]
[2025-04-17 21:11:35,518] multiqc                                            [DEBUG  ]  Command used: /usr/local/bin/multiqc -f .
[2025-04-17 21:11:36,639] multiqc                                            [WARNING]  MultiQC Version v1.28 now available!
[2025-04-17 21:11:36,639] multiqc                                            [INFO   ]  This is MultiQC v1.10.1
[2025-04-17 21:11:36,640] multiqc                                            [DEBUG  ]  Command     : /usr/local/bin/multiqc -f .
[2025-04-17 21:11:36,640] multiqc                                            [DEBUG  ]  Working dir : /home/chadchoudhry/2025_Team_D/work/83/c80c093db266ce4d597c03f2ea3809
[2025-04-17 21:11:36,640] multiqc                                            [INFO   ]  Template    : default
[2025-04-17 21:11:36,640] multiqc                                            [DEBUG  ]  Running Python 3.9.2 | packaged by conda-forge | (default, Feb 21 2021, 05:02:46)  [GCC 9.3.0]
[2025-04-17 21:11:36,640] multiqc                                            [INFO   ]  Searching   : /home/chadchoudhry/2025_Team_D/work/83/c80c093db266ce4d597c03f2ea3809
[2025-04-17 21:11:36,640] multiqc                                            [INFO   ]  Only using modules custom_content, fastp, samtools, bcftools
[2025-04-17 21:11:36,640] multiqc                                            [DEBUG  ]  Analysing modules: custom_content, fastp, samtools, bcftools
[2025-04-17 21:11:36,640] multiqc                                            [DEBUG  ]  Using temporary directory for creating report: /tmp/tmpczawkzty
[2025-04-17 21:11:36,693] multiqc                                            [DEBUG  ]  Ignored 244 search patterns as didn't match running modules.
[2025-04-17 21:11:37,185] multiqc.plots.bargraph                             [DEBUG  ]  Using matplotlib version 3.4.1
[2025-04-17 21:11:37,186] multiqc.plots.linegraph                            [DEBUG  ]  Using matplotlib version 3.4.1
[2025-04-17 21:11:37,190] multiqc.modules.custom_content.custom_content      [INFO   ]  nf-core-bactmap-summary: Found 1 sample (html)
[2025-04-17 21:11:37,190] multiqc.modules.custom_content.custom_content      [INFO   ]  software_versions: Found 1 sample (html)
[2025-04-17 21:11:37,256] multiqc.modules.fastp.fastp                        [INFO   ]  Found 34 reports
[2025-04-17 21:11:59,028] multiqc.modules.base_module                        [DEBUG  ]  samtools/stats - Selecting 'D0465287_S01_L001.sorted.bam.stats' as it matched the path_filters for 'MAPPING: SAMTools (raw)'
[2025-04-17 21:11:59,029] multiqc.modules.base_module                        [DEBUG  ]  samtools/stats - Selecting 'D1816817_S01_L001.sorted.bam.stats' as it matched the path_filters for 'MAPPING: SAMTools (raw)'
[2025-04-17 21:11:59,029] multiqc.modules.base_module                        [DEBUG  ]  samtools/stats - Selecting 'D1130645_S01_L001.sorted.bam.stats' as it matched the path_filters for 'MAPPING: SAMTools (raw)'
[2025-04-17 21:11:59,030] multiqc.modules.base_module                        [DEBUG  ]  samtools/stats - Selecting 'D0717763_S01_L001.sorted.bam.stats' as it matched the path_filters for 'MAPPING: SAMTools (raw)'
[2025-04-17 21:11:59,030] multiqc.modules.base_module                        [DEBUG  ]  samtools/stats - Selecting 'D1507169_S01_L001.sorted.bam.stats' as it matched the path_filters for 'MAPPING: SAMTools (raw)'
[2025-04-17 21:11:59,031] multiqc.modules.base_module                        [DEBUG  ]  samtools/stats - Selecting 'D0305916_S01_L001.sorted.bam.stats' as it matched the path_filters for 'MAPPING: SAMTools (raw)'
[2025-04-17 21:11:59,031] multiqc.modules.base_module                        [DEBUG  ]  samtools/stats - Selecting 'D0281446_S01_L001.sorted.bam.stats' as it matched the path_filters for 'MAPPING: SAMTools (raw)'
[2025-04-17 21:11:59,031] multiqc.modules.base_module                        [DEBUG  ]  samtools/stats - Selecting 'D2453159_S01_L001.sorted.bam.stats' as it matched the path_filters for 'MAPPING: SAMTools (raw)'
[2025-04-17 21:11:59,032] multiqc.modules.base_module                        [DEBUG  ]  samtools/stats - Selecting 'D0599005_S01_L001.sorted.bam.stats' as it matched the path_filters for 'MAPPING: SAMTools (raw)'
[2025-04-17 21:11:59,032] multiqc.modules.base_module                        [DEBUG  ]  samtools/stats - Selecting 'D0287766_S01_L001.sorted.bam.stats' as it matched the path_filters for 'MAPPING: SAMTools (raw)'
[2025-04-17 21:11:59,033] multiqc.modules.base_module                        [DEBUG  ]  samtools/stats - Selecting 'D0537729_S01_L001.sorted.bam.stats' as it matched the path_filters for 'MAPPING: SAMTools (raw)'
[2025-04-17 21:11:59,033] multiqc.modules.base_module                        [DEBUG  ]  samtools/stats - Selecting 'D1251843_S01_L001.sorted.bam.stats' as it matched the path_filters for 'MAPPING: SAMTools (raw)'
[2025-04-17 21:11:59,033] multiqc.modules.base_module                        [DEBUG  ]  samtools/stats - Selecting 'D1742262_S01_L001.sorted.bam.stats' as it matched the path_filters for 'MAPPING: SAMTools (raw)'
[2025-04-17 21:11:59,034] multiqc.modules.base_module                        [DEBUG  ]  samtools/stats - Selecting 'D0262590_S01_L001.sorted.bam.stats' as it matched the path_filters for 'MAPPING: SAMTools (raw)'
[2025-04-17 21:11:59,034] multiqc.modules.base_module                        [DEBUG  ]  samtools/stats - Selecting 'D1130644_S01_L001.sorted.bam.stats' as it matched the path_filters for 'MAPPING: SAMTools (raw)'
[2025-04-17 21:11:59,035] multiqc.modules.base_module                        [DEBUG  ]  samtools/stats - Selecting 'D0340971_S01_L001.sorted.bam.stats' as it matched the path_filters for 'MAPPING: SAMTools (raw)'
[2025-04-17 21:11:59,035] multiqc.modules.base_module                        [DEBUG  ]  samtools/stats - Selecting 'D0784258_S01_L001.sorted.bam.stats' as it matched the path_filters for 'MAPPING: SAMTools (raw)'
[2025-04-17 21:11:59,036] multiqc.modules.base_module                        [DEBUG  ]  samtools/stats - Selecting 'D0892467_S01_L001.sorted.bam.stats' as it matched the path_filters for 'MAPPING: SAMTools (raw)'
[2025-04-17 21:11:59,036] multiqc.modules.base_module                        [DEBUG  ]  samtools/stats - Selecting 'D0320058_S01_L001.sorted.bam.stats' as it matched the path_filters for 'MAPPING: SAMTools (raw)'
[2025-04-17 21:11:59,037] multiqc.modules.base_module                        [DEBUG  ]  samtools/stats - Selecting 'D0717665_S01_L001.sorted.bam.stats' as it matched the path_filters for 'MAPPING: SAMTools (raw)'
[2025-04-17 21:11:59,037] multiqc.modules.base_module                        [DEBUG  ]  samtools/stats - Selecting 'D2306186_S01_L001.sorted.bam.stats' as it matched the path_filters for 'MAPPING: SAMTools (raw)'
[2025-04-17 21:11:59,038] multiqc.modules.base_module                        [DEBUG  ]  samtools/stats - Selecting 'D0133463_S01_L001.sorted.bam.stats' as it matched the path_filters for 'MAPPING: SAMTools (raw)'
[2025-04-17 21:11:59,038] multiqc.modules.base_module                        [DEBUG  ]  samtools/stats - Selecting 'D0372208_S01_L001.sorted.bam.stats' as it matched the path_filters for 'MAPPING: SAMTools (raw)'
[2025-04-17 21:11:59,039] multiqc.modules.base_module                        [DEBUG  ]  samtools/stats - Selecting 'D1490961_S01_L001.sorted.bam.stats' as it matched the path_filters for 'MAPPING: SAMTools (raw)'
[2025-04-17 21:11:59,039] multiqc.modules.base_module                        [DEBUG  ]  samtools/stats - Selecting 'D0110039_S01_L001.sorted.bam.stats' as it matched the path_filters for 'MAPPING: SAMTools (raw)'
[2025-04-17 21:11:59,039] multiqc.modules.base_module                        [DEBUG  ]  samtools/stats - Selecting 'D1212247_S01_L001.sorted.bam.stats' as it matched the path_filters for 'MAPPING: SAMTools (raw)'
[2025-04-17 21:11:59,040] multiqc.modules.base_module                        [DEBUG  ]  samtools/stats - Selecting 'D1786215_S01_L001.sorted.bam.stats' as it matched the path_filters for 'MAPPING: SAMTools (raw)'
[2025-04-17 21:11:59,040] multiqc.modules.base_module                        [DEBUG  ]  samtools/stats - Selecting 'D0331520_S01_L001.sorted.bam.stats' as it matched the path_filters for 'MAPPING: SAMTools (raw)'
[2025-04-17 21:11:59,041] multiqc.modules.base_module                        [DEBUG  ]  samtools/stats - Selecting 'D1025689_S01_L001.sorted.bam.stats' as it matched the path_filters for 'MAPPING: SAMTools (raw)'
[2025-04-17 21:11:59,041] multiqc.modules.base_module                        [DEBUG  ]  samtools/stats - Selecting 'D1874688_S01_L001.sorted.bam.stats' as it matched the path_filters for 'MAPPING: SAMTools (raw)'
[2025-04-17 21:11:59,042] multiqc.modules.base_module                        [DEBUG  ]  samtools/stats - Selecting 'D1088210_S01_L001.sorted.bam.stats' as it matched the path_filters for 'MAPPING: SAMTools (raw)'
[2025-04-17 21:11:59,042] multiqc.modules.base_module                        [DEBUG  ]  samtools/stats - Selecting 'D2306204_S01_L001.sorted.bam.stats' as it matched the path_filters for 'MAPPING: SAMTools (raw)'
[2025-04-17 21:11:59,043] multiqc.modules.base_module                        [DEBUG  ]  samtools/stats - Selecting 'D0570846_S01_L001.sorted.bam.stats' as it matched the path_filters for 'MAPPING: SAMTools (raw)'
[2025-04-17 21:11:59,043] multiqc.modules.base_module                        [DEBUG  ]  samtools/stats - Selecting 'D0595886_S01_L001.sorted.bam.stats' as it matched the path_filters for 'MAPPING: SAMTools (raw)'
[2025-04-17 21:12:00,139] multiqc.modules.samtools.samtools                  [INFO   ]  Found 34 stats reports
[2025-04-17 21:12:00,143] multiqc.modules.base_module                        [DEBUG  ]  bcftools/stats - Selecting 'D1025689_S01_L001.bcftools_stats.txt' as it matched the path_filters for 'VARIANTS: BCFTools (BCFTools)'
[2025-04-17 21:12:00,143] multiqc.modules.base_module                        [DEBUG  ]  bcftools/stats - Selecting 'D0281446_S01_L001.bcftools_stats.txt' as it matched the path_filters for 'VARIANTS: BCFTools (BCFTools)'
[2025-04-17 21:12:00,144] multiqc.modules.base_module                        [DEBUG  ]  bcftools/stats - Selecting 'D0133463_S01_L001.bcftools_stats.txt' as it matched the path_filters for 'VARIANTS: BCFTools (BCFTools)'
[2025-04-17 21:12:00,144] multiqc.modules.base_module                        [DEBUG  ]  bcftools/stats - Selecting 'D1786215_S01_L001.bcftools_stats.txt' as it matched the path_filters for 'VARIANTS: BCFTools (BCFTools)'
[2025-04-17 21:12:00,145] multiqc.modules.base_module                        [DEBUG  ]  bcftools/stats - Selecting 'D0305916_S01_L001.bcftools_stats.txt' as it matched the path_filters for 'VARIANTS: BCFTools (BCFTools)'
[2025-04-17 21:12:00,146] multiqc.modules.base_module                        [DEBUG  ]  bcftools/stats - Selecting 'D0372208_S01_L001.bcftools_stats.txt' as it matched the path_filters for 'VARIANTS: BCFTools (BCFTools)'
[2025-04-17 21:12:00,146] multiqc.modules.base_module                        [DEBUG  ]  bcftools/stats - Selecting 'D2306186_S01_L001.bcftools_stats.txt' as it matched the path_filters for 'VARIANTS: BCFTools (BCFTools)'
[2025-04-17 21:12:00,147] multiqc.modules.base_module                        [DEBUG  ]  bcftools/stats - Selecting 'D0784258_S01_L001.bcftools_stats.txt' as it matched the path_filters for 'VARIANTS: BCFTools (BCFTools)'
[2025-04-17 21:12:00,147] multiqc.modules.base_module                        [DEBUG  ]  bcftools/stats - Selecting 'D0340971_S01_L001.bcftools_stats.txt' as it matched the path_filters for 'VARIANTS: BCFTools (BCFTools)'
[2025-04-17 21:12:00,148] multiqc.modules.base_module                        [DEBUG  ]  bcftools/stats - Selecting 'D1507169_S01_L001.bcftools_stats.txt' as it matched the path_filters for 'VARIANTS: BCFTools (BCFTools)'
[2025-04-17 21:12:00,148] multiqc.modules.base_module                        [DEBUG  ]  bcftools/stats - Selecting 'D1212247_S01_L001.bcftools_stats.txt' as it matched the path_filters for 'VARIANTS: BCFTools (BCFTools)'
[2025-04-17 21:12:00,149] multiqc.modules.base_module                        [DEBUG  ]  bcftools/stats - Selecting 'D0595886_S01_L001.bcftools_stats.txt' as it matched the path_filters for 'VARIANTS: BCFTools (BCFTools)'
[2025-04-17 21:12:00,150] multiqc.modules.base_module                        [DEBUG  ]  bcftools/stats - Selecting 'D0262590_S01_L001.bcftools_stats.txt' as it matched the path_filters for 'VARIANTS: BCFTools (BCFTools)'
[2025-04-17 21:12:00,150] multiqc.modules.base_module                        [DEBUG  ]  bcftools/stats - Selecting 'D1742262_S01_L001.bcftools_stats.txt' as it matched the path_filters for 'VARIANTS: BCFTools (BCFTools)'
[2025-04-17 21:12:00,151] multiqc.modules.base_module                        [DEBUG  ]  bcftools/stats - Selecting 'D1490961_S01_L001.bcftools_stats.txt' as it matched the path_filters for 'VARIANTS: BCFTools (BCFTools)'
[2025-04-17 21:12:00,151] multiqc.modules.base_module                        [DEBUG  ]  bcftools/stats - Selecting 'D0287766_S01_L001.bcftools_stats.txt' as it matched the path_filters for 'VARIANTS: BCFTools (BCFTools)'
[2025-04-17 21:12:00,152] multiqc.modules.base_module                        [DEBUG  ]  bcftools/stats - Selecting 'D1874688_S01_L001.bcftools_stats.txt' as it matched the path_filters for 'VARIANTS: BCFTools (BCFTools)'
[2025-04-17 21:12:00,152] multiqc.modules.base_module                        [DEBUG  ]  bcftools/stats - Selecting 'D0717763_S01_L001.bcftools_stats.txt' as it matched the path_filters for 'VARIANTS: BCFTools (BCFTools)'
[2025-04-17 21:12:00,153] multiqc.modules.base_module                        [DEBUG  ]  bcftools/stats - Selecting 'D0537729_S01_L001.bcftools_stats.txt' as it matched the path_filters for 'VARIANTS: BCFTools (BCFTools)'
[2025-04-17 21:12:00,153] multiqc.modules.base_module                        [DEBUG  ]  bcftools/stats - Selecting 'D1816817_S01_L001.bcftools_stats.txt' as it matched the path_filters for 'VARIANTS: BCFTools (BCFTools)'
[2025-04-17 21:12:00,154] multiqc.modules.base_module                        [DEBUG  ]  bcftools/stats - Selecting 'D2306204_S01_L001.bcftools_stats.txt' as it matched the path_filters for 'VARIANTS: BCFTools (BCFTools)'
[2025-04-17 21:12:00,154] multiqc.modules.base_module                        [DEBUG  ]  bcftools/stats - Selecting 'D1130644_S01_L001.bcftools_stats.txt' as it matched the path_filters for 'VARIANTS: BCFTools (BCFTools)'
[2025-04-17 21:12:00,155] multiqc.modules.base_module                        [DEBUG  ]  bcftools/stats - Selecting 'D0892467_S01_L001.bcftools_stats.txt' as it matched the path_filters for 'VARIANTS: BCFTools (BCFTools)'
[2025-04-17 21:12:00,155] multiqc.modules.base_module                        [DEBUG  ]  bcftools/stats - Selecting 'D0570846_S01_L001.bcftools_stats.txt' as it matched the path_filters for 'VARIANTS: BCFTools (BCFTools)'
[2025-04-17 21:12:00,156] multiqc.modules.base_module                        [DEBUG  ]  bcftools/stats - Selecting 'D1088210_S01_L001.bcftools_stats.txt' as it matched the path_filters for 'VARIANTS: BCFTools (BCFTools)'
[2025-04-17 21:12:00,156] multiqc.modules.base_module                        [DEBUG  ]  bcftools/stats - Selecting 'D0599005_S01_L001.bcftools_stats.txt' as it matched the path_filters for 'VARIANTS: BCFTools (BCFTools)'
[2025-04-17 21:12:00,157] multiqc.modules.base_module                        [DEBUG  ]  bcftools/stats - Selecting 'D2453159_S01_L001.bcftools_stats.txt' as it matched the path_filters for 'VARIANTS: BCFTools (BCFTools)'
[2025-04-17 21:12:00,157] multiqc.modules.base_module                        [DEBUG  ]  bcftools/stats - Selecting 'D0717665_S01_L001.bcftools_stats.txt' as it matched the path_filters for 'VARIANTS: BCFTools (BCFTools)'
[2025-04-17 21:12:00,158] multiqc.modules.base_module                        [DEBUG  ]  bcftools/stats - Selecting 'D0465287_S01_L001.bcftools_stats.txt' as it matched the path_filters for 'VARIANTS: BCFTools (BCFTools)'
[2025-04-17 21:12:00,158] multiqc.modules.base_module                        [DEBUG  ]  bcftools/stats - Selecting 'D0110039_S01_L001.bcftools_stats.txt' as it matched the path_filters for 'VARIANTS: BCFTools (BCFTools)'
[2025-04-17 21:12:00,159] multiqc.modules.base_module                        [DEBUG  ]  bcftools/stats - Selecting 'D1130645_S01_L001.bcftools_stats.txt' as it matched the path_filters for 'VARIANTS: BCFTools (BCFTools)'
[2025-04-17 21:12:00,159] multiqc.modules.base_module                        [DEBUG  ]  bcftools/stats - Selecting 'D1251843_S01_L001.bcftools_stats.txt' as it matched the path_filters for 'VARIANTS: BCFTools (BCFTools)'
[2025-04-17 21:12:00,160] multiqc.modules.base_module                        [DEBUG  ]  bcftools/stats - Selecting 'D0320058_S01_L001.bcftools_stats.txt' as it matched the path_filters for 'VARIANTS: BCFTools (BCFTools)'
[2025-04-17 21:12:00,161] multiqc.modules.base_module                        [DEBUG  ]  bcftools/stats - Selecting 'D0331520_S01_L001.bcftools_stats.txt' as it matched the path_filters for 'VARIANTS: BCFTools (BCFTools)'
[2025-04-17 21:12:13,922] multiqc.modules.bcftools.bcftools                  [INFO   ]  Found 34 stats reports
[2025-04-17 21:12:13,922] multiqc                                            [DEBUG  ]  Reordering sections: anchor 'software_versions' not found for module 'PREPROCESS: fastp (adapter trimming)'.
[2025-04-17 21:12:13,922] multiqc                                            [DEBUG  ]  Reordering sections: anchor 'nf-core-bactmap-summary' not found for module 'PREPROCESS: fastp (adapter trimming)'.
[2025-04-17 21:12:13,923] multiqc                                            [DEBUG  ]  Reordering sections: anchor 'software_versions' not found for module 'MAPPING: SAMTools (raw)'.
[2025-04-17 21:12:13,923] multiqc                                            [DEBUG  ]  Reordering sections: anchor 'nf-core-bactmap-summary' not found for module 'MAPPING: SAMTools (raw)'.
[2025-04-17 21:12:13,923] multiqc                                            [DEBUG  ]  Reordering sections: anchor 'software_versions' not found for module 'VARIANTS: BCFTools (BCFTools)'.
[2025-04-17 21:12:13,923] multiqc                                            [DEBUG  ]  Reordering sections: anchor 'nf-core-bactmap-summary' not found for module 'VARIANTS: BCFTools (BCFTools)'.
[2025-04-17 21:12:13,923] multiqc                                            [DEBUG  ]  Reordering sections: anchor 'software_versions' not found for module 'nf-core/bactmap Software Versions'.
[2025-04-17 21:12:13,923] multiqc                                            [DEBUG  ]  Reordering sections: anchor 'nf-core-bactmap-summary' not found for module 'nf-core/bactmap Software Versions'.
[2025-04-17 21:12:13,923] multiqc                                            [DEBUG  ]  Reordering sections: anchor 'software_versions' not found for module 'nf-core/bactmap Workflow Summary'.
[2025-04-17 21:12:13,923] multiqc                                            [DEBUG  ]  Reordering sections: anchor 'nf-core-bactmap-summary' not found for module 'nf-core/bactmap Workflow Summary'.
[2025-04-17 21:12:14,068] multiqc                                            [INFO   ]  Compressing plot data
[2025-04-17 21:12:16,015] multiqc                                            [INFO   ]  Report      : multiqc_report.html
[2025-04-17 21:12:16,016] multiqc                                            [INFO   ]  Data        : multiqc_data
[2025-04-17 21:12:16,016] multiqc                                            [DEBUG  ]  Moving data file from '/tmp/tmpczawkzty/multiqc_data' to '/home/chadchoudhry/2025_Team_D/work/83/c80c093db266ce4d597c03f2ea3809/multiqc_data'
[2025-04-17 21:12:16,040] multiqc                                            [INFO   ]  Plots       : multiqc_plots
[2025-04-17 21:12:16,040] multiqc                                            [DEBUG  ]  Moving plots directory from '/tmp/tmpczawkzty/multiqc_plots' to '/home/chadchoudhry/2025_Team_D/work/83/c80c093db266ce4d597c03f2ea3809/multiqc_plots'
[2025-04-17 21:12:16,116] multiqc                                            [INFO   ]  MultiQC complete
